<?xml version="1.0" encoding="UTF-8"?>
<!-- Generated by org.testng.reporters.JUnitReportReporter -->
<testsuite hostname="Sumit" failures="0" tests="1" name="check.test" time="20.297" errors="0" timestamp="2025-08-28T12:57:10 IST" skipped="0">
  <testcase classname="check.test" name="function" time="20.297"/>
</testsuite> <!-- check.test -->
