<?xml version="1.0" encoding="UTF-8"?>
<!-- Generated by org.testng.reporters.JUnitReportReporter -->
<testsuite hostname="Sumit" failures="0" tests="22" name="runner.runner" time="217.624" errors="0" timestamp="2025-08-31T20:25:00 IST" skipped="0">
  <testcase classname="runner.runner" name="runScenario" time="9.293"/>
  <testcase classname="runner.runner" name="runScenario" time="8.251"/>
  <testcase classname="runner.runner" name="runScenario" time="9.863"/>
  <testcase classname="runner.runner" name="runScenario" time="18.053"/>
  <testcase classname="runner.runner" name="runScenario" time="9.069"/>
  <testcase classname="runner.runner" name="runScenario" time="9.161"/>
  <testcase classname="runner.runner" name="runScenario" time="6.958"/>
  <testcase classname="runner.runner" name="runScenario" time="9.490"/>
  <testcase classname="runner.runner" name="runScenario" time="7.847"/>
  <testcase classname="runner.runner" name="runScenario" time="8.745"/>
  <testcase classname="runner.runner" name="runScenario" time="7.580"/>
  <testcase classname="runner.runner" name="runScenario" time="9.619"/>
  <testcase classname="runner.runner" name="runScenario" time="11.165"/>
  <testcase classname="runner.runner" name="runScenario" time="8.495"/>
  <testcase classname="runner.runner" name="runScenario" time="18.404"/>
  <testcase classname="runner.runner" name="runScenario" time="8.772"/>
  <testcase classname="runner.runner" name="runScenario" time="7.931"/>
  <testcase classname="runner.runner" name="runScenario" time="8.813"/>
  <testcase classname="runner.runner" name="runScenario" time="8.586"/>
  <testcase classname="runner.runner" name="runScenario" time="8.921"/>
  <testcase classname="runner.runner" name="runScenario" time="12.082"/>
  <testcase classname="runner.runner" name="runScenario" time="10.526"/>
</testsuite> <!-- runner.runner -->
