<?xml version="1.0" encoding="UTF-8"?>
<!-- Generated by org.testng.reporters.JUnitReportReporter -->
<testsuite hostname="Sumit" failures="0" tests="22" name="runner.runner" time="216.120" errors="0" timestamp="2025-08-31T18:46:52 IST" skipped="0">
  <testcase classname="runner.runner" name="runScenario" time="7.690"/>
  <testcase classname="runner.runner" name="runScenario" time="7.917"/>
  <testcase classname="runner.runner" name="runScenario" time="6.062"/>
  <testcase classname="runner.runner" name="runScenario" time="9.333"/>
  <testcase classname="runner.runner" name="runScenario" time="8.864"/>
  <testcase classname="runner.runner" name="runScenario" time="10.143"/>
  <testcase classname="runner.runner" name="runScenario" time="10.797"/>
  <testcase classname="runner.runner" name="runScenario" time="7.693"/>
  <testcase classname="runner.runner" name="runScenario" time="10.977"/>
  <testcase classname="runner.runner" name="runScenario" time="8.874"/>
  <testcase classname="runner.runner" name="runScenario" time="8.401"/>
  <testcase classname="runner.runner" name="runScenario" time="9.361"/>
  <testcase classname="runner.runner" name="runScenario" time="6.864"/>
  <testcase classname="runner.runner" name="runScenario" time="19.109"/>
  <testcase classname="runner.runner" name="runScenario" time="9.074"/>
  <testcase classname="runner.runner" name="runScenario" time="21.197"/>
  <testcase classname="runner.runner" name="runScenario" time="8.366"/>
  <testcase classname="runner.runner" name="runScenario" time="7.018"/>
  <testcase classname="runner.runner" name="runScenario" time="10.094"/>
  <testcase classname="runner.runner" name="runScenario" time="8.941"/>
  <testcase classname="runner.runner" name="runScenario" time="9.354"/>
  <testcase classname="runner.runner" name="runScenario" time="9.991"/>
</testsuite> <!-- runner.runner -->
